# JRE version: Java(TM) SE Runtime Environment (8.0_191-b12) (build 1.8.0_191-b12)
# Java VM: Java HotSpot(TM) 64-Bit Server VM (25.191-b12 mixed mode windows-amd64 compressed oops)
Heap:
 PSYoungGen      total 245248K, used 71612K [0x00000000eab00000, 0x0000000100000000, 0x0000000100000000)
  eden space 141312K, 43% used [0x00000000eab00000,0x00000000ee762180,0x00000000f3500000)
  from space 103936K, 9% used [0x00000000f3500000,0x00000000f3e8d128,0x00000000f9a80000)
  to   space 103424K, 0% used [0x00000000f9b00000,0x00000000f9b00000,0x0000000100000000)
 ParOldGen       total 389120K, used 80209K [0x00000000c0000000, 0x00000000d7c00000, 0x00000000eab00000)
  object space 389120K, 20% used [0x00000000c0000000,0x00000000c4e544b0,0x00000000d7c00000)
 Metaspace       used 97884K, capacity 103483K, committed 103704K, reserved 1138688K
  class space    used 12437K, capacity 13590K, committed 13616K, reserved 1048576K
GC Heap History (10 events):
Event: 5346.619 GC heap before
{Heap before GC invocations=35 (full 4):
 PSYoungGen      total 218624K, used 121856K [0x00000000eab00000, 0x00000000fdd80000, 0x0000000100000000)
  eden space 121856K, 100% used [0x00000000eab00000,0x00000000f2200000,0x00000000f2200000)
  from space 96768K, 0% used [0x00000000f7f00000,0x00000000f7f00000,0x00000000fdd80000)
  to   space 95232K, 0% used [0x00000000f2200000,0x00000000f2200000,0x00000000f7f00000)
 ParOldGen       total 389120K, used 80169K [0x00000000c0000000, 0x00000000d7c00000, 0x00000000eab00000)
  object space 389120K, 20% used [0x00000000c0000000,0x00000000c4e4a4b0,0x00000000d7c00000)
 Metaspace       used 95586K, capacity 100965K, committed 101272K, reserved 1136640K
  class space    used 12200K, capacity 13335K, committed 13488K, reserved 1048576K
Event: 5346.635 GC heap after
Heap after GC invocations=35 (full 4):
 PSYoungGen      total 217088K, used 43927K [0x00000000eab00000, 0x00000000fe680000, 0x0000000100000000)
  eden space 121856K, 0% used [0x00000000eab00000,0x00000000eab00000,0x00000000f2200000)
  from space 95232K, 46% used [0x00000000f2200000,0x00000000f4ce5fe0,0x00000000f7f00000)
  to   space 91136K, 0% used [0x00000000f8d80000,0x00000000f8d80000,0x00000000fe680000)
 ParOldGen       total 389120K, used 80177K [0x00000000c0000000, 0x00000000d7c00000, 0x00000000eab00000)
  object space 389120K, 20% used [0x00000000c0000000,0x00000000c4e4c4b0,0x00000000d7c00000)
 Metaspace       used 95586K, capacity 100965K, committed 101272K, reserved 1136640K
  class space    used 12200K, capacity 13335K, committed 13488K, reserved 1048576K
}
Event: 5348.005 GC heap before
{Heap before GC invocations=36 (full 4):
 PSYoungGen      total 217088K, used 165783K [0x00000000eab00000, 0x00000000fe680000, 0x0000000100000000)
  eden space 121856K, 100% used [0x00000000eab00000,0x00000000f2200000,0x00000000f2200000)
  from space 95232K, 46% used [0x00000000f2200000,0x00000000f4ce5fe0,0x00000000f7f00000)
  to   space 91136K, 0% used [0x00000000f8d80000,0x00000000f8d80000,0x00000000fe680000)
 ParOldGen       total 389120K, used 80177K [0x00000000c0000000, 0x00000000d7c00000, 0x00000000eab00000)
  object space 389120K, 20% used [0x00000000c0000000,0x00000000c4e4c4b0,0x00000000d7c00000)
 Metaspace       used 96150K, capacity 101541K, committed 101784K, reserved 1138688K
  class space    used 12217K, capacity 13341K, committed 13488K, reserved 1048576K
Event: 5348.045 GC heap after
Heap after GC invocations=36 (full 4):
 PSYoungGen      total 224256K, used 79815K [0x00000000eab00000, 0x00000000ff700000, 0x0000000100000000)
  eden space 133120K, 0% used [0x00000000eab00000,0x00000000eab00000,0x00000000f2d00000)
  from space 91136K, 87% used [0x00000000f8d80000,0x00000000fdb71f18,0x00000000fe680000)
  to   space 98816K, 0% used [0x00000000f2d00000,0x00000000f2d00000,0x00000000f8d80000)
 ParOldGen       total 389120K, used 80185K [0x00000000c0000000, 0x00000000d7c00000, 0x00000000eab00000)
  object space 389120K, 20% used [0x00000000c0000000,0x00000000c4e4e4b0,0x00000000d7c00000)
 Metaspace       used 96150K, capacity 101541K, committed 101784K, reserved 1138688K
  class space    used 12217K, capacity 13341K, committed 13488K, reserved 1048576K
}
Event: 5349.621 GC heap before
{Heap before GC invocations=37 (full 4):
 PSYoungGen      total 224256K, used 212935K [0x00000000eab00000, 0x00000000ff700000, 0x0000000100000000)
  eden space 133120K, 100% used [0x00000000eab00000,0x00000000f2d00000,0x00000000f2d00000)
  from space 91136K, 87% used [0x00000000f8d80000,0x00000000fdb71f18,0x00000000fe680000)
  to   space 98816K, 0% used [0x00000000f2d00000,0x00000000f2d00000,0x00000000f8d80000)
 ParOldGen       total 389120K, used 80185K [0x00000000c0000000, 0x00000000d7c00000, 0x00000000eab00000)
  object space 389120K, 20% used [0x00000000c0000000,0x00000000c4e4e4b0,0x00000000d7c00000)
 Metaspace       used 96625K, capacity 102105K, committed 102296K, reserved 1138688K
  class space    used 12274K, capacity 13417K, committed 13488K, reserved 1048576K
Event: 5349.625 GC heap after
Heap after GC invocations=37 (full 4):
 PSYoungGen      total 231936K, used 2944K [0x00000000eab00000, 0x0000000100000000, 0x0000000100000000)
  eden space 133120K, 0% used [0x00000000eab00000,0x00000000eab00000,0x00000000f2d00000)
  from space 98816K, 2% used [0x00000000f2d00000,0x00000000f2fe0078,0x00000000f8d80000)
  to   space 102400K, 0% used [0x00000000f9c00000,0x00000000f9c00000,0x0000000100000000)
 ParOldGen       total 389120K, used 80193K [0x00000000c0000000, 0x00000000d7c00000, 0x00000000eab00000)
  object space 389120K, 20% used [0x00000000c0000000,0x00000000c4e504b0,0x00000000d7c00000)
 Metaspace       used 96625K, capacity 102105K, committed 102296K, reserved 1138688K
  class space    used 12274K, capacity 13417K, committed 13488K, reserved 1048576K
}
Event: 5352.535 GC heap before
{Heap before GC invocations=38 (full 4):
 PSYoungGen      total 231936K, used 136064K [0x00000000eab00000, 0x0000000100000000, 0x0000000100000000)
  eden space 133120K, 100% used [0x00000000eab00000,0x00000000f2d00000,0x00000000f2d00000)
  from space 98816K, 2% used [0x00000000f2d00000,0x00000000f2fe0078,0x00000000f8d80000)
  to   space 102400K, 0% used [0x00000000f9c00000,0x00000000f9c00000,0x0000000100000000)
 ParOldGen       total 389120K, used 80193K [0x00000000c0000000, 0x00000000d7c00000, 0x00000000eab00000)
  object space 389120K, 20% used [0x00000000c0000000,0x00000000c4e504b0,0x00000000d7c00000)
 Metaspace       used 97270K, capacity 102833K, committed 103192K, reserved 1138688K
  class space    used 12355K, capacity 13509K, committed 13616K, reserved 1048576K
Event: 5352.540 GC heap after
Heap after GC invocations=38 (full 4):
 PSYoungGen      total 243712K, used 3847K [0x00000000eab00000, 0x0000000100000000, 0x0000000100000000)
  eden space 141312K, 0% used [0x00000000eab00000,0x00000000eab00000,0x00000000f3500000)
  from space 102400K, 3% used [0x00000000f9c00000,0x00000000f9fc1e28,0x0000000100000000)
  to   space 103936K, 0% used [0x00000000f3500000,0x00000000f3500000,0x00000000f9a80000)
 ParOldGen       total 389120K, used 80201K [0x00000000c0000000, 0x00000000d7c00000, 0x00000000eab00000)
  object space 389120K, 20% used [0x00000000c0000000,0x00000000c4e524b0,0x00000000d7c00000)
 Metaspace       used 97270K, capacity 102833K, committed 103192K, reserved 1138688K
  class space    used 12355K, capacity 13509K, committed 13616K, reserved 1048576K
}
Event: 5353.720 GC heap before
{Heap before GC invocations=39 (full 4):
 PSYoungGen      total 243712K, used 145159K [0x00000000eab00000, 0x0000000100000000, 0x0000000100000000)
  eden space 141312K, 100% used [0x00000000eab00000,0x00000000f3500000,0x00000000f3500000)
  from space 102400K, 3% used [0x00000000f9c00000,0x00000000f9fc1e28,0x0000000100000000)
  to   space 103936K, 0% used [0x00000000f3500000,0x00000000f3500000,0x00000000f9a80000)
 ParOldGen       total 389120K, used 80201K [0x00000000c0000000, 0x00000000d7c00000, 0x00000000eab00000)
  object space 389120K, 20% used [0x00000000c0000000,0x00000000c4e524b0,0x00000000d7c00000)
 Metaspace       used 97329K, capacity 102907K, committed 103192K, reserved 1138688K
  class space    used 12356K, capacity 13510K, committed 13616K, reserved 1048576K
Event: 5353.728 GC heap after
Heap after GC invocations=39 (full 4):
 PSYoungGen      total 245248K, used 9780K [0x00000000eab00000, 0x0000000100000000, 0x0000000100000000)
  eden space 141312K, 0% used [0x00000000eab00000,0x00000000eab00000,0x00000000f3500000)
  from space 103936K, 9% used [0x00000000f3500000,0x00000000f3e8d128,0x00000000f9a80000)
  to   space 103424K, 0% used [0x00000000f9b00000,0x00000000f9b00000,0x0000000100000000)
 ParOldGen       total 389120K, used 80209K [0x00000000c0000000, 0x00000000d7c00000, 0x00000000eab00000)
  object space 389120K, 20% used [0x00000000c0000000,0x00000000c4e544b0,0x00000000d7c00000)
 Metaspace       used 97329K, capacity 102907K, committed 103192K, reserved 1138688K
  class space    used 12356K, capacity 13510K, committed 13616K, reserved 1048576K
}

